#
# There is insufficient memory for the Java Runtime Environment to continue.
# Native memory allocation (mmap) failed to map 65536 bytes for Failed to commit metaspace.
# Possible reasons:
#   The system is out of physical RAM or swap space
#   The process is running with CompressedOops enabled, and the Java Heap may be blocking the growth of the native heap
# Possible solutions:
#   Reduce memory load on the system
#   Increase physical memory or swap space
#   Check if swap backing store is full
#   Decrease Java heap size (-Xmx/-Xms)
#   Decrease number of Java threads
#   Decrease Java thread stack sizes (-Xss)
#   Set larger code cache with -XX:ReservedCodeCacheSize=
#   JVM is running with Unscaled Compressed Oops mode in which the Java heap is
#     placed in the first 4GB address space. The Java Heap base address is the
#     maximum limit for the native heap growth. Please use -XX:HeapBaseMinAddress
#     to set the Java Heap base and to place the Java Heap above 4GB virtual address.
# This output file may be truncated or incomplete.
#
#  Out of Memory Error (virtualSpaceNode.cpp:110), pid=18048, tid=19964
#
# JRE version: OpenJDK Runtime Environment Temurin-17.0.1+12 (17.0.1+12) (build 17.0.1+12)
# Java VM: OpenJDK 64-Bit Server VM Temurin-17.0.1+12 (17.0.1+12, mixed mode, tiered, compressed oops, compressed class ptrs, g1 gc, windows-amd64)
# No core dump will be written. Minidumps are not enabled by default on client versions of Windows
#

---------------  S U M M A R Y ------------

Command Line: -ea -Dfile.encoding=UTF-8 -XX:+ShowCodeDetailsInExceptionMessages org.eclipse.jdt.internal.junit.runner.RemoteTestRunner -version 3 -port 60131 -testLoaderClass org.eclipse.jdt.internal.junit4.runner.JUnit4TestLoader -loaderpluginname org.eclipse.jdt.junit4.runtime -classNames cityevents.model.resources.tests.EventResourceTest

Host: Intel(R) Core(TM) i7-7700HQ CPU @ 2.80GHz, 8 cores, 7G,  Windows 10 , 64 bit Build 19041 (10.0.19041.1706)
Time: Sat May 28 15:47:57 2022 Hora de verano romance elapsed time: 0.178141 seconds (0d 0h 0m 0s)

---------------  T H R E A D  ---------------

Current thread (0x000001e2a29109f0):  JavaThread "main" [_thread_in_vm, id=19964, stack(0x00000060c2400000,0x00000060c2500000)]

Stack: [0x00000060c2400000,0x00000060c2500000]
Native frames: (J=compiled Java code, j=interpreted, Vv=VM code, C=native code)
V  [jvm.dll+0x6744da]
V  [jvm.dll+0x82e144]
V  [jvm.dll+0x82f8ee]
V  [jvm.dll+0x82ff53]
V  [jvm.dll+0x245175]
V  [jvm.dll+0x82a0eb]
V  [jvm.dll+0x619566]
V  [jvm.dll+0x1bff1e]
V  [jvm.dll+0x61beb1]
V  [jvm.dll+0x619f06]
V  [jvm.dll+0x23ab30]
V  [jvm.dll+0x1ea82d]
V  [jvm.dll+0x1e0261]
V  [jvm.dll+0x53b150]
V  [jvm.dll+0x1f0a57]
V  [jvm.dll+0x7a87ab]
V  [jvm.dll+0x7a9b52]
V  [jvm.dll+0x7a9e88]
V  [jvm.dll+0x23d45e]
V  [jvm.dll+0x23d6af]
V  [jvm.dll+0x558788]
V  [jvm.dll+0x55b5f0]
V  [jvm.dll+0x382617]
V  [jvm.dll+0x381c6f]
C  0x000001e2a5fca582

Java frames: (J=compiled Java code, j=interpreted, Vv=VM code)
j  java.io.InputStreamReader.<init>(Ljava/io/InputStream;Ljava/nio/charset/Charset;)V+23 java.base@17.0.1
j  jdk.internal.util.jar.JarIndex.read(Ljava/io/InputStream;)V+12 java.base@17.0.1
j  jdk.internal.util.jar.JarIndex.<init>(Ljava/io/InputStream;)V+6 java.base@17.0.1
j  jdk.internal.util.jar.JarIndex.getJarIndex(Ljava/util/jar/JarFile;)Ljdk/internal/util/jar/JarIndex;+22 java.base@17.0.1
j  jdk.internal.loader.URLClassPath$JarLoader$1.run()Ljava/lang/Void;+72 java.base@17.0.1
j  jdk.internal.loader.URLClassPath$JarLoader$1.run()Ljava/lang/Object;+1 java.base@17.0.1
j  java.security.AccessController.executePrivileged(Ljava/security/PrivilegedExceptionAction;Ljava/security/AccessControlContext;Ljava/lang/Class;)Ljava/lang/Object;+29 java.base@17.0.1
j  java.security.AccessController.doPrivileged(Ljava/security/PrivilegedExceptionAction;Ljava/security/AccessControlContext;)Ljava/lang/Object;+13 java.base@17.0.1
j  jdk.internal.loader.URLClassPath$JarLoader.ensureOpen()V+19 java.base@17.0.1
j  jdk.internal.loader.URLClassPath$JarLoader.<init>(Ljava/net/URL;Ljava/net/URLStreamHandler;Ljava/util/HashMap;Ljava/security/AccessControlContext;)V+63 java.base@17.0.1
j  jdk.internal.loader.URLClassPath$3.run()Ljdk/internal/loader/URLClassPath$Loader;+168 java.base@17.0.1
j  jdk.internal.loader.URLClassPath$3.run()Ljava/lang/Object;+1 java.base@17.0.1
j  java.security.AccessController.executePrivileged(Ljava/security/PrivilegedExceptionAction;Ljava/security/AccessControlContext;Ljava/lang/Class;)Ljava/lang/Object;+29 java.base@17.0.1
j  java.security.AccessController.doPrivileged(Ljava/security/PrivilegedExceptionAction;Ljava/security/AccessControlContext;)Ljava/lang/Object;+13 java.base@17.0.1
j  jdk.internal.loader.URLClassPath.getLoader(Ljava/net/URL;)Ljdk/internal/loader/URLClassPath$Loader;+13 java.base@17.0.1
j  jdk.internal.loader.URLClassPath.getLoader(I)Ljdk/internal/loader/URLClassPath$Loader;+81 java.base@17.0.1
j  jdk.internal.loader.URLClassPath.getResource(Ljava/lang/String;Z)Ljdk/internal/loader/Resource;+42 java.base@17.0.1
j  jdk.internal.loader.BuiltinClassLoader.findClassOnClassPathOrNull(Ljava/lang/String;)Ljava/lang/Class;+26 java.base@17.0.1
j  jdk.internal.loader.BuiltinClassLoader.loadClassOrNull(Ljava/lang/String;Z)Ljava/lang/Class;+111 java.base@17.0.1
j  jdk.internal.loader.BuiltinClassLoader.loadClass(Ljava/lang/String;Z)Ljava/lang/Class;+3 java.base@17.0.1
j  jdk.internal.loader.ClassLoaders$AppClassLoader.loadClass(Ljava/lang/String;Z)Ljava/lang/Class;+36 java.base@17.0.1
j  java.lang.ClassLoader.loadClass(Ljava/lang/String;)Ljava/lang/Class;+3 java.base@17.0.1
v  ~StubRoutines::call_stub
j  java.lang.Class.forName0(Ljava/lang/String;ZLjava/lang/ClassLoader;Ljava/lang/Class;)Ljava/lang/Class;+0 java.base@17.0.1
j  java.lang.Class.forName(Ljava/lang/String;ZLjava/lang/ClassLoader;)Ljava/lang/Class;+43 java.base@17.0.1
j  sun.launcher.LauncherHelper.loadMainClass(ILjava/lang/String;)Ljava/lang/Class;+95 java.base@17.0.1
j  sun.launcher.LauncherHelper.checkAndLoadMain(ZILjava/lang/String;)Ljava/lang/Class;+42 java.base@17.0.1
v  ~StubRoutines::call_stub

---------------  P R O C E S S  ---------------

Threads class SMR info:
_java_thread_list=0x000001e2bd55e5a0, length=12, elements={
0x000001e2a29109f0, 0x000001e2bc8332b0, 0x000001e2bc834030, 0x000001e2bc88e5d0,
0x000001e2bc875ce0, 0x000001e2bc8774e0, 0x000001e2bc87ba40, 0x000001e2bc87cdd0,
0x000001e2bc87d780, 0x000001e2bc880830, 0x000001e2bd57b810, 0x000001e2bd586320
}

Java Threads: ( => current thread )
=>0x000001e2a29109f0 JavaThread "main" [_thread_in_vm, id=19964, stack(0x00000060c2400000,0x00000060c2500000)]
  0x000001e2bc8332b0 JavaThread "Reference Handler" daemon [_thread_blocked, id=16680, stack(0x00000060c2b00000,0x00000060c2c00000)]
  0x000001e2bc834030 JavaThread "Finalizer" daemon [_thread_blocked, id=16304, stack(0x00000060c2c00000,0x00000060c2d00000)]
  0x000001e2bc88e5d0 JavaThread "Signal Dispatcher" daemon [_thread_blocked, id=17108, stack(0x00000060c2d00000,0x00000060c2e00000)]
  0x000001e2bc875ce0 JavaThread "Attach Listener" daemon [_thread_blocked, id=14716, stack(0x00000060c2e00000,0x00000060c2f00000)]
  0x000001e2bc8774e0 JavaThread "Service Thread" daemon [_thread_blocked, id=7132, stack(0x00000060c2f00000,0x00000060c3000000)]
  0x000001e2bc87ba40 JavaThread "Monitor Deflation Thread" daemon [_thread_blocked, id=12744, stack(0x00000060c3000000,0x00000060c3100000)]
  0x000001e2bc87cdd0 JavaThread "C2 CompilerThread0" daemon [_thread_blocked, id=9096, stack(0x00000060c3100000,0x00000060c3200000)]
  0x000001e2bc87d780 JavaThread "C1 CompilerThread0" daemon [_thread_blocked, id=5800, stack(0x00000060c3200000,0x00000060c3300000)]
  0x000001e2bc880830 JavaThread "Sweeper thread" daemon [_thread_blocked, id=12264, stack(0x00000060c3300000,0x00000060c3400000)]
  0x000001e2bd57b810 JavaThread "Notification Thread" daemon [_thread_blocked, id=21180, stack(0x00000060c3400000,0x00000060c3500000)]
  0x000001e2bd586320 JavaThread "Common-Cleaner" daemon [_thread_blocked, id=8168, stack(0x00000060c3600000,0x00000060c3700000)]

Other Threads:
  0x000001e2bc84e340 VMThread "VM Thread" [stack: 0x00000060c2a00000,0x00000060c2b00000] [id=9724]
  0x000001e2a296a070 WatcherThread [stack: 0x00000060c3500000,0x00000060c3600000] [id=1032]
  0x000001e2a294fb00 GCTaskThread "GC Thread#0" [stack: 0x00000060c2500000,0x00000060c2600000] [id=12456]
  0x000001e2a2960de0 ConcurrentGCThread "G1 Main Marker" [stack: 0x00000060c2600000,0x00000060c2700000] [id=20372]
  0x000001e2a2962710 ConcurrentGCThread "G1 Conc#0" [stack: 0x00000060c2700000,0x00000060c2800000] [id=2456]
  0x000001e2bc6a0090 ConcurrentGCThread "G1 Refine#0" [stack: 0x00000060c2800000,0x00000060c2900000] [id=21040]
  0x000001e2bc6a09c0 ConcurrentGCThread "G1 Service" [stack: 0x00000060c2900000,0x00000060c2a00000] [id=16652]

Threads with active compile tasks:

VM state: not at safepoint (normal execution)

VM Mutex/Monitor currently owned by a thread:  ([mutex/lock_event])
[0x000001e2a290bab0] Metaspace_lock - owner thread: 0x000001e2a29109f0

Heap address: 0x0000000081c00000, size: 2020 MB, Compressed Oops mode: 32-bit

CDS archive(s) not mapped
Compressed class space mapped at: 0x0000000100000000-0x0000000140000000, reserved size: 1073741824
Narrow klass base: 0x0000000000000000, Narrow klass shift: 3, Narrow klass range: 0x140000000

GC Precious Log:
 CPUs: 8 total, 8 available
 Memory: 8077M
 Large Page Support: Disabled
 NUMA Support: Disabled
 Compressed Oops: Enabled (32-bit)
 Heap Region Size: 1M
 Heap Min Capacity: 8M
 Heap Initial Capacity: 128M
 Heap Max Capacity: 2020M
 Pre-touch: Disabled
 Parallel Workers: 8
 Concurrent Workers: 2
 Concurrent Refinement Workers: 8
 Periodic GC: Disabled

Heap:
 garbage-first heap   total 131072K, used 3072K [0x0000000081c00000, 0x0000000100000000)
  region size 1024K, 2 young (2048K), 0 survivors (0K)
 Metaspace       used 4465K, committed 4480K, reserved 1056768K
  class space    used 370K, committed 384K, reserved 1048576K

Heap Regions: E=young(eden), S=young(survivor), O=old, HS=humongous(starts), HC=humongous(continues), CS=collection set, F=free, OA=open archive, CA=closed archive, TAMS=top-at-mark-start (previous, next)
|   0|0x0000000081c00000, 0x0000000081d00000, 0x0000000081d00000|100%|HS|  |TAMS 0x0000000081c00000, 0x0000000081c00000| Complete 
|   1|0x0000000081d00000, 0x0000000081e00000, 0x0000000081e00000|100%|HC|  |TAMS 0x0000000081d00000, 0x0000000081d00000| Complete 
|   2|0x0000000081e00000, 0x0000000081e00000, 0x0000000081f00000|  0%| F|  |TAMS 0x0000000081e00000, 0x0000000081e00000| Untracked 
|   3|0x0000000081f00000, 0x0000000081f00000, 0x0000000082000000|  0%| F|  |TAMS 0x0000000081f00000, 0x0000000081f00000| Untracked 
|   4|0x0000000082000000, 0x0000000082000000, 0x0000000082100000|  0%| F|  |TAMS 0x0000000082000000, 0x0000000082000000| Untracked 
|   5|0x0000000082100000, 0x0000000082100000, 0x0000000082200000|  0%| F|  |TAMS 0x0000000082100000, 0x0000000082100000| Untracked 
|   6|0x0000000082200000, 0x0000000082200000, 0x0000000082300000|  0%| F|  |TAMS 0x0000000082200000, 0x0000000082200000| Untracked 
|   7|0x0000000082300000, 0x0000000082300000, 0x0000000082400000|  0%| F|  |TAMS 0x0000000082300000, 0x0000000082300000| Untracked 
|   8|0x0000000082400000, 0x0000000082400000, 0x0000000082500000|  0%| F|  |TAMS 0x0000000082400000, 0x0000000082400000| Untracked 
|   9|0x0000000082500000, 0x0000000082500000, 0x0000000082600000|  0%| F|  |TAMS 0x0000000082500000, 0x0000000082500000| Untracked 
|  10|0x0000000082600000, 0x0000000082600000, 0x0000000082700000|  0%| F|  |TAMS 0x0000000082600000, 0x0000000082600000| Untracked 
|  11|0x0000000082700000, 0x0000000082700000, 0x0000000082800000|  0%| F|  |TAMS 0x0000000082700000, 0x0000000082700000| Untracked 
|  12|0x0000000082800000, 0x0000000082800000, 0x0000000082900000|  0%| F|  |TAMS 0x0000000082800000, 0x0000000082800000| Untracked 
|  13|0x0000000082900000, 0x0000000082900000, 0x0000000082a00000|  0%| F|  |TAMS 0x0000000082900000, 0x0000000082900000| Untracked 
|  14|0x0000000082a00000, 0x0000000082a00000, 0x0000000082b00000|  0%| F|  |TAMS 0x0000000082a00000, 0x0000000082a00000| Untracked 
|  15|0x0000000082b00000, 0x0000000082b00000, 0x0000000082c00000|  0%| F|  |TAMS 0x0000000082b00000, 0x0000000082b00000| Untracked 
|  16|0x0000000082c00000, 0x0000000082c00000, 0x0000000082d00000|  0%| F|  |TAMS 0x0000000082c00000, 0x0000000082c00000| Untracked 
|  17|0x0000000082d00000, 0x0000000082d00000, 0x0000000082e00000|  0%| F|  |TAMS 0x0000000082d00000, 0x0000000082d00000| Untracked 
|  18|0x0000000082e00000, 0x0000000082e00000, 0x0000000082f00000|  0%| F|  |TAMS 0x0000000082e00000, 0x0000000082e00000| Untracked 
|  19|0x0000000082f00000, 0x0000000082f00000, 0x0000000083000000|  0%| F|  |TAMS 0x0000000082f00000, 0x0000000082f00000| Untracked 
|  20|0x0000000083000000, 0x0000000083000000, 0x0000000083100000|  0%| F|  |TAMS 0x0000000083000000, 0x0000000083000000| Untracked 
|  21|0x0000000083100000, 0x0000000083100000, 0x0000000083200000|  0%| F|  |TAMS 0x0000000083100000, 0x0000000083100000| Untracked 
|  22|0x0000000083200000, 0x0000000083200000, 0x0000000083300000|  0%| F|  |TAMS 0x0000000083200000, 0x0000000083200000| Untracked 
|  23|0x0000000083300000, 0x0000000083300000, 0x0000000083400000|  0%| F|  |TAMS 0x0000000083300000, 0x0000000083300000| Untracked 
|  24|0x0000000083400000, 0x0000000083400000, 0x0000000083500000|  0%| F|  |TAMS 0x0000000083400000, 0x0000000083400000| Untracked 
|  25|0x0000000083500000, 0x0000000083500000, 0x0000000083600000|  0%| F|  |TAMS 0x0000000083500000, 0x0000000083500000| Untracked 
|  26|0x0000000083600000, 0x0000000083600000, 0x0000000083700000|  0%| F|  |TAMS 0x0000000083600000, 0x0000000083600000| Untracked 
|  27|0x0000000083700000, 0x0000000083700000, 0x0000000083800000|  0%| F|  |TAMS 0x0000000083700000, 0x0000000083700000| Untracked 
|  28|0x0000000083800000, 0x0000000083800000, 0x0000000083900000|  0%| F|  |TAMS 0x0000000083800000, 0x0000000083800000| Untracked 
|  29|0x0000000083900000, 0x0000000083900000, 0x0000000083a00000|  0%| F|  |TAMS 0x0000000083900000, 0x0000000083900000| Untracked 
|  30|0x0000000083a00000, 0x0000000083a00000, 0x0000000083b00000|  0%| F|  |TAMS 0x0000000083a00000, 0x0000000083a00000| Untracked 
|  31|0x0000000083b00000, 0x0000000083b00000, 0x0000000083c00000|  0%| F|  |TAMS 0x0000000083b00000, 0x0000000083b00000| Untracked 
|  32|0x0000000083c00000, 0x0000000083c00000, 0x0000000083d00000|  0%| F|  |TAMS 0x0000000083c00000, 0x0000000083c00000| Untracked 
|  33|0x0000000083d00000, 0x0000000083d00000, 0x0000000083e00000|  0%| F|  |TAMS 0x0000000083d00000, 0x0000000083d00000| Untracked 
|  34|0x0000000083e00000, 0x0000000083e00000, 0x0000000083f00000|  0%| F|  |TAMS 0x0000000083e00000, 0x0000000083e00000| Untracked 
|  35|0x0000000083f00000, 0x0000000083f00000, 0x0000000084000000|  0%| F|  |TAMS 0x0000000083f00000, 0x0000000083f00000| Untracked 
|  36|0x0000000084000000, 0x0000000084000000, 0x0000000084100000|  0%| F|  |TAMS 0x0000000084000000, 0x0000000084000000| Untracked 
|  37|0x0000000084100000, 0x0000000084100000, 0x0000000084200000|  0%| F|  |TAMS 0x0000000084100000, 0x0000000084100000| Untracked 
|  38|0x0000000084200000, 0x0000000084200000, 0x0000000084300000|  0%| F|  |TAMS 0x0000000084200000, 0x0000000084200000| Untracked 
|  39|0x0000000084300000, 0x0000000084300000, 0x0000000084400000|  0%| F|  |TAMS 0x0000000084300000, 0x0000000084300000| Untracked 
|  40|0x0000000084400000, 0x0000000084400000, 0x0000000084500000|  0%| F|  |TAMS 0x0000000084400000, 0x0000000084400000| Untracked 
|  41|0x0000000084500000, 0x0000000084500000, 0x0000000084600000|  0%| F|  |TAMS 0x0000000084500000, 0x0000000084500000| Untracked 
|  42|0x0000000084600000, 0x0000000084600000, 0x0000000084700000|  0%| F|  |TAMS 0x0000000084600000, 0x0000000084600000| Untracked 
|  43|0x0000000084700000, 0x0000000084700000, 0x0000000084800000|  0%| F|  |TAMS 0x0000000084700000, 0x0000000084700000| Untracked 
|  44|0x0000000084800000, 0x0000000084800000, 0x0000000084900000|  0%| F|  |TAMS 0x0000000084800000, 0x0000000084800000| Untracked 
|  45|0x0000000084900000, 0x0000000084900000, 0x0000000084a00000|  0%| F|  |TAMS 0x0000000084900000, 0x0000000084900000| Untracked 
|  46|0x0000000084a00000, 0x0000000084a00000, 0x0000000084b00000|  0%| F|  |TAMS 0x0000000084a00000, 0x0000000084a00000| Untracked 
|  47|0x0000000084b00000, 0x0000000084b00000, 0x0000000084c00000|  0%| F|  |TAMS 0x0000000084b00000, 0x0000000084b00000| Untracked 
|  48|0x0000000084c00000, 0x0000000084c00000, 0x0000000084d00000|  0%| F|  |TAMS 0x0000000084c00000, 0x0000000084c00000| Untracked 
|  49|0x0000000084d00000, 0x0000000084d00000, 0x0000000084e00000|  0%| F|  |TAMS 0x0000000084d00000, 0x0000000084d00000| Untracked 
|  50|0x0000000084e00000, 0x0000000084e00000, 0x0000000084f00000|  0%| F|  |TAMS 0x0000000084e00000, 0x0000000084e00000| Untracked 
|  51|0x0000000084f00000, 0x0000000084f00000, 0x0000000085000000|  0%| F|  |TAMS 0x0000000084f00000, 0x0000000084f00000| Untracked 
|  52|0x0000000085000000, 0x0000000085000000, 0x0000000085100000|  0%| F|  |TAMS 0x0000000085000000, 0x0000000085000000| Untracked 
|  53|0x0000000085100000, 0x0000000085100000, 0x0000000085200000|  0%| F|  |TAMS 0x0000000085100000, 0x0000000085100000| Untracked 
|  54|0x0000000085200000, 0x0000000085200000, 0x0000000085300000|  0%| F|  |TAMS 0x0000000085200000, 0x0000000085200000| Untracked 
|  55|0x0000000085300000, 0x0000000085300000, 0x0000000085400000|  0%| F|  |TAMS 0x0000000085300000, 0x0000000085300000| Untracked 
|  56|0x0000000085400000, 0x0000000085400000, 0x0000000085500000|  0%| F|  |TAMS 0x0000000085400000, 0x0000000085400000| Untracked 
|  57|0x0000000085500000, 0x0000000085500000, 0x0000000085600000|  0%| F|  |TAMS 0x0000000085500000, 0x0000000085500000| Untracked 
|  58|0x0000000085600000, 0x0000000085600000, 0x0000000085700000|  0%| F|  |TAMS 0x0000000085600000, 0x0000000085600000| Untracked 
|  59|0x0000000085700000, 0x0000000085700000, 0x0000000085800000|  0%| F|  |TAMS 0x0000000085700000, 0x0000000085700000| Untracked 
|  60|0x0000000085800000, 0x0000000085800000, 0x0000000085900000|  0%| F|  |TAMS 0x0000000085800000, 0x0000000085800000| Untracked 
|  61|0x0000000085900000, 0x0000000085900000, 0x0000000085a00000|  0%| F|  |TAMS 0x0000000085900000, 0x0000000085900000| Untracked 
|  62|0x0000000085a00000, 0x0000000085a00000, 0x0000000085b00000|  0%| F|  |TAMS 0x0000000085a00000, 0x0000000085a00000| Untracked 
|  63|0x0000000085b00000, 0x0000000085b00000, 0x0000000085c00000|  0%| F|  |TAMS 0x0000000085b00000, 0x0000000085b00000| Untracked 
|  64|0x0000000085c00000, 0x0000000085c00000, 0x0000000085d00000|  0%| F|  |TAMS 0x0000000085c00000, 0x0000000085c00000| Untracked 
|  65|0x0000000085d00000, 0x0000000085d00000, 0x0000000085e00000|  0%| F|  |TAMS 0x0000000085d00000, 0x0000000085d00000| Untracked 
|  66|0x0000000085e00000, 0x0000000085e00000, 0x0000000085f00000|  0%| F|  |TAMS 0x0000000085e00000, 0x0000000085e00000| Untracked 
|  67|0x0000000085f00000, 0x0000000085f00000, 0x0000000086000000|  0%| F|  |TAMS 0x0000000085f00000, 0x0000000085f00000| Untracked 
|  68|0x0000000086000000, 0x0000000086000000, 0x0000000086100000|  0%| F|  |TAMS 0x0000000086000000, 0x0000000086000000| Untracked 
|  69|0x0000000086100000, 0x0000000086100000, 0x0000000086200000|  0%| F|  |TAMS 0x0000000086100000, 0x0000000086100000| Untracked 
|  70|0x0000000086200000, 0x0000000086200000, 0x0000000086300000|  0%| F|  |TAMS 0x0000000086200000, 0x0000000086200000| Untracked 
|  71|0x0000000086300000, 0x0000000086300000, 0x0000000086400000|  0%| F|  |TAMS 0x0000000086300000, 0x0000000086300000| Untracked 
|  72|0x0000000086400000, 0x0000000086400000, 0x0000000086500000|  0%| F|  |TAMS 0x0000000086400000, 0x0000000086400000| Untracked 
|  73|0x0000000086500000, 0x0000000086500000, 0x0000000086600000|  0%| F|  |TAMS 0x0000000086500000, 0x0000000086500000| Untracked 
|  74|0x0000000086600000, 0x0000000086600000, 0x0000000086700000|  0%| F|  |TAMS 0x0000000086600000, 0x0000000086600000| Untracked 
|  75|0x0000000086700000, 0x0000000086700000, 0x0000000086800000|  0%| F|  |TAMS 0x0000000086700000, 0x0000000086700000| Untracked 
|  76|0x0000000086800000, 0x0000000086800000, 0x0000000086900000|  0%| F|  |TAMS 0x0000000086800000, 0x0000000086800000| Untracked 
|  77|0x0000000086900000, 0x0000000086900000, 0x0000000086a00000|  0%| F|  |TAMS 0x0000000086900000, 0x0000000086900000| Untracked 
|  78|0x0000000086a00000, 0x0000000086a00000, 0x0000000086b00000|  0%| F|  |TAMS 0x0000000086a00000, 0x0000000086a00000| Untracked 
|  79|0x0000000086b00000, 0x0000000086b00000, 0x0000000086c00000|  0%| F|  |TAMS 0x0000000086b00000, 0x0000000086b00000| Untracked 
|  80|0x0000000086c00000, 0x0000000086c00000, 0x0000000086d00000|  0%| F|  |TAMS 0x0000000086c00000, 0x0000000086c00000| Untracked 
|  81|0x0000000086d00000, 0x0000000086d00000, 0x0000000086e00000|  0%| F|  |TAMS 0x0000000086d00000, 0x0000000086d00000| Untracked 
|  82|0x0000000086e00000, 0x0000000086e00000, 0x0000000086f00000|  0%| F|  |TAMS 0x0000000086e00000, 0x0000000086e00000| Untracked 
|  83|0x0000000086f00000, 0x0000000086f00000, 0x0000000087000000|  0%| F|  |TAMS 0x0000000086f00000, 0x0000000086f00000| Untracked 
|  84|0x0000000087000000, 0x0000000087000000, 0x0000000087100000|  0%| F|  |TAMS 0x0000000087000000, 0x0000000087000000| Untracked 
|  85|0x0000000087100000, 0x0000000087100000, 0x0000000087200000|  0%| F|  |TAMS 0x0000000087100000, 0x0000000087100000| Untracked 
|  86|0x0000000087200000, 0x0000000087200000, 0x0000000087300000|  0%| F|  |TAMS 0x0000000087200000, 0x0000000087200000| Untracked 
|  87|0x0000000087300000, 0x0000000087300000, 0x0000000087400000|  0%| F|  |TAMS 0x0000000087300000, 0x0000000087300000| Untracked 
|  88|0x0000000087400000, 0x0000000087400000, 0x0000000087500000|  0%| F|  |TAMS 0x0000000087400000, 0x0000000087400000| Untracked 
|  89|0x0000000087500000, 0x0000000087500000, 0x0000000087600000|  0%| F|  |TAMS 0x0000000087500000, 0x0000000087500000| Untracked 
|  90|0x0000000087600000, 0x0000000087600000, 0x0000000087700000|  0%| F|  |TAMS 0x0000000087600000, 0x0000000087600000| Untracked 
|  91|0x0000000087700000, 0x0000000087700000, 0x0000000087800000|  0%| F|  |TAMS 0x0000000087700000, 0x0000000087700000| Untracked 
|  92|0x0000000087800000, 0x0000000087800000, 0x0000000087900000|  0%| F|  |TAMS 0x0000000087800000, 0x0000000087800000| Untracked 
|  93|0x0000000087900000, 0x0000000087900000, 0x0000000087a00000|  0%| F|  |TAMS 0x0000000087900000, 0x0000000087900000| Untracked 
|  94|0x0000000087a00000, 0x0000000087a00000, 0x0000000087b00000|  0%| F|  |TAMS 0x0000000087a00000, 0x0000000087a00000| Untracked 
|  95|0x0000000087b00000, 0x0000000087b00000, 0x0000000087c00000|  0%| F|  |TAMS 0x0000000087b00000, 0x0000000087b00000| Untracked 
|  96|0x0000000087c00000, 0x0000000087c00000, 0x0000000087d00000|  0%| F|  |TAMS 0x0000000087c00000, 0x0000000087c00000| Untracked 
|  97|0x0000000087d00000, 0x0000000087d00000, 0x0000000087e00000|  0%| F|  |TAMS 0x0000000087d00000, 0x0000000087d00000| Untracked 
|  98|0x0000000087e00000, 0x0000000087e00000, 0x0000000087f00000|  0%| F|  |TAMS 0x0000000087e00000, 0x0000000087e00000| Untracked 
|  99|0x0000000087f00000, 0x0000000087f00000, 0x0000000088000000|  0%| F|  |TAMS 0x0000000087f00000, 0x0000000087f00000| Untracked 
| 100|0x0000000088000000, 0x0000000088000000, 0x0000000088100000|  0%| F|  |TAMS 0x0000000088000000, 0x0000000088000000| Untracked 
| 101|0x0000000088100000, 0x0000000088100000, 0x0000000088200000|  0%| F|  |TAMS 0x0000000088100000, 0x0000000088100000| Untracked 
| 102|0x0000000088200000, 0x0000000088200000, 0x0000000088300000|  0%| F|  |TAMS 0x0000000088200000, 0x0000000088200000| Untracked 
| 103|0x0000000088300000, 0x0000000088300000, 0x0000000088400000|  0%| F|  |TAMS 0x0000000088300000, 0x0000000088300000| Untracked 
| 104|0x0000000088400000, 0x0000000088400000, 0x0000000088500000|  0%| F|  |TAMS 0x0000000088400000, 0x0000000088400000| Untracked 
| 105|0x0000000088500000, 0x0000000088500000, 0x0000000088600000|  0%| F|  |TAMS 0x0000000088500000, 0x0000000088500000| Untracked 
| 106|0x0000000088600000, 0x0000000088600000, 0x0000000088700000|  0%| F|  |TAMS 0x0000000088600000, 0x0000000088600000| Untracked 
| 107|0x0000000088700000, 0x0000000088700000, 0x0000000088800000|  0%| F|  |TAMS 0x0000000088700000, 0x0000000088700000| Untracked 
| 108|0x0000000088800000, 0x0000000088800000, 0x0000000088900000|  0%| F|  |TAMS 0x0000000088800000, 0x0000000088800000| Untracked 
| 109|0x0000000088900000, 0x0000000088900000, 0x0000000088a00000|  0%| F|  |TAMS 0x0000000088900000, 0x0000000088900000| Untracked 
| 110|0x0000000088a00000, 0x0000000088a00000, 0x0000000088b00000|  0%| F|  |TAMS 0x0000000088a00000, 0x0000000088a00000| Untracked 
| 111|0x0000000088b00000, 0x0000000088b00000, 0x0000000088c00000|  0%| F|  |TAMS 0x0000000088b00000, 0x0000000088b00000| Untracked 
| 112|0x0000000088c00000, 0x0000000088c00000, 0x0000000088d00000|  0%| F|  |TAMS 0x0000000088c00000, 0x0000000088c00000| Untracked 
| 113|0x0000000088d00000, 0x0000000088d00000, 0x0000000088e00000|  0%| F|  |TAMS 0x0000000088d00000, 0x0000000088d00000| Untracked 
| 114|0x0000000088e00000, 0x0000000088e00000, 0x0000000088f00000|  0%| F|  |TAMS 0x0000000088e00000, 0x0000000088e00000| Untracked 
| 115|0x0000000088f00000, 0x0000000088f00000, 0x0000000089000000|  0%| F|  |TAMS 0x0000000088f00000, 0x0000000088f00000| Untracked 
| 116|0x0000000089000000, 0x0000000089000000, 0x0000000089100000|  0%| F|  |TAMS 0x0000000089000000, 0x0000000089000000| Untracked 
| 117|0x0000000089100000, 0x0000000089100000, 0x0000000089200000|  0%| F|  |TAMS 0x0000000089100000, 0x0000000089100000| Untracked 
| 118|0x0000000089200000, 0x0000000089200000, 0x0000000089300000|  0%| F|  |TAMS 0x0000000089200000, 0x0000000089200000| Untracked 
| 119|0x0000000089300000, 0x0000000089300000, 0x0000000089400000|  0%| F|  |TAMS 0x0000000089300000, 0x0000000089300000| Untracked 
| 120|0x0000000089400000, 0x0000000089400000, 0x0000000089500000|  0%| F|  |TAMS 0x0000000089400000, 0x0000000089400000| Untracked 
| 121|0x0000000089500000, 0x0000000089500000, 0x0000000089600000|  0%| F|  |TAMS 0x0000000089500000, 0x0000000089500000| Untracked 
| 122|0x0000000089600000, 0x0000000089600000, 0x0000000089700000|  0%| F|  |TAMS 0x0000000089600000, 0x0000000089600000| Untracked 
| 123|0x0000000089700000, 0x0000000089700000, 0x0000000089800000|  0%| F|  |TAMS 0x0000000089700000, 0x0000000089700000| Untracked 
| 124|0x0000000089800000, 0x0000000089800000, 0x0000000089900000|  0%| F|  |TAMS 0x0000000089800000, 0x0000000089800000| Untracked 
| 125|0x0000000089900000, 0x0000000089900000, 0x0000000089a00000|  0%| F|  |TAMS 0x0000000089900000, 0x0000000089900000| Untracked 
| 126|0x0000000089a00000, 0x0000000089b00000, 0x0000000089b00000|100%| E|  |TAMS 0x0000000089a00000, 0x0000000089a00000| Complete 
| 127|0x0000000089b00000, 0x0000000089c00000, 0x0000000089c00000|100%| E|CS|TAMS 0x0000000089b00000, 0x0000000089b00000| Complete 

Card table byte_map: [0x000001e2b56e0000,0x000001e2b5ae0000] _byte_map_base: 0x000001e2b52d2000

Marking Bits (Prev, Next): (CMBitMap*) 0x000001e2a2950020, (CMBitMap*) 0x000001e2a2950060
 Prev Bits: [0x000001e2b5ee0000, 0x000001e2b7e70000)
 Next Bits: [0x000001e2b7e70000, 0x000001e2b9e00000)

Polling page: 0x000001e2a08e0000

Metaspace:

Usage:
  Non-class:      4.00 MB used.
      Class:    370.21 KB used.
       Both:      4.36 MB used.

Virtual space:
  Non-class space:        8.00 MB reserved,       4.00 MB ( 50%) committed,  1 nodes.
      Class space:        1.00 GB reserved,     384.00 KB ( <1%) committed,  1 nodes.
             Both:        1.01 GB reserved,       4.38 MB ( <1%) committed. 

Chunk freelists:
   Non-Class:  3.00 MB
       Class:  3.62 MB
        Both:  6.62 MB

MaxMetaspaceSize: unlimited
CompressedClassSpaceSize: 1.00 GB
Initial GC threshold: 21.00 MB
Current GC threshold: 21.00 MB
CDS: off
MetaspaceReclaimPolicy: balanced
 - commit_granule_bytes: 65536.
 - commit_granule_words: 8192.
 - virtual_space_node_default_size: 1048576.
 - enlarge_chunks_in_place: 1.
 - new_chunks_are_fully_committed: 0.
 - uncommit_free_chunks: 1.
 - use_allocation_guard: 0.
 - handle_deallocations: 1.


Internal statistics:

num_allocs_failed_limit: 0.
num_arena_births: 2.
num_arena_deaths: 0.
num_vsnodes_births: 2.
num_vsnodes_deaths: 0.
num_space_committed: 70.
num_space_uncommitted: 0.
num_chunks_returned_to_freelist: 0.
num_chunks_taken_from_freelist: 4.
num_chunk_merges: 0.
num_chunk_splits: 2.
num_chunks_enlarged: 0.
num_purges: 0.
num_inconsistent_stats: 0.

CodeHeap 'non-profiled nmethods': size=120000Kb used=28Kb max_used=28Kb free=119971Kb
 bounds [0x000001e2ada80000, 0x000001e2adcf0000, 0x000001e2b4fb0000]
CodeHeap 'profiled nmethods': size=120000Kb used=140Kb max_used=140Kb free=119859Kb
 bounds [0x000001e2a6550000, 0x000001e2a67c0000, 0x000001e2ada80000]
CodeHeap 'non-nmethods': size=5760Kb used=1055Kb max_used=1071Kb free=4704Kb
 bounds [0x000001e2a5fb0000, 0x000001e2a6220000, 0x000001e2a6550000]
 total_blobs=424 nmethods=109 adapters=228
 compilation: enabled
              stopped_count=0, restarted_count=0
 full_count=0

Compilation events (20 events):
Event: 0.172 Thread 0x000001e2bc87d780   98       3       sun.nio.fs.WindowsPathParser::isSlash (18 bytes)
Event: 0.172 Thread 0x000001e2bc87d780 nmethod 98 0x000001e2a656f410 code [0x000001e2a656f5a0, 0x000001e2a656f718]
Event: 0.172 Thread 0x000001e2bc87d780   99       3       java.lang.CharacterDataLatin1::getProperties (11 bytes)
Event: 0.173 Thread 0x000001e2bc87d780 nmethod 99 0x000001e2a656f790 code [0x000001e2a656f920, 0x000001e2a656fa58]
Event: 0.173 Thread 0x000001e2bc87d780  100       3       java.lang.CharacterDataLatin1::toLowerCase (39 bytes)
Event: 0.173 Thread 0x000001e2bc87d780 nmethod 100 0x000001e2a656fb10 code [0x000001e2a656fcc0, 0x000001e2a656ff18]
Event: 0.173 Thread 0x000001e2bc87d780  101       3       sun.nio.fs.WindowsPathParser::isInvalidPathChar (22 bytes)
Event: 0.173 Thread 0x000001e2bc87d780 nmethod 101 0x000001e2a6570010 code [0x000001e2a65701e0, 0x000001e2a6570528]
Event: 0.173 Thread 0x000001e2bc87d780  103       3       java.lang.AbstractStringBuilder::putStringAt (12 bytes)
Event: 0.173 Thread 0x000001e2bc87d780 nmethod 103 0x000001e2a6570690 code [0x000001e2a6570840, 0x000001e2a6570a88]
Event: 0.173 Thread 0x000001e2bc87d780  104       3       java.lang.AbstractStringBuilder::putStringAt (34 bytes)
Event: 0.173 Thread 0x000001e2bc87d780 nmethod 104 0x000001e2a6570c10 code [0x000001e2a6570de0, 0x000001e2a65710f8]
Event: 0.173 Thread 0x000001e2bc87d780  105       3       java.lang.AbstractStringBuilder::getCoder (15 bytes)
Event: 0.174 Thread 0x000001e2bc87d780 nmethod 105 0x000001e2a6571290 code [0x000001e2a6571420, 0x000001e2a6571558]
Event: 0.174 Thread 0x000001e2bc87d780  102       3       java.lang.Math::max (11 bytes)
Event: 0.174 Thread 0x000001e2bc87d780 nmethod 102 0x000001e2a6571610 code [0x000001e2a65717a0, 0x000001e2a65718d8]
Event: 0.174 Thread 0x000001e2bc87d780  106       3       java.lang.String::getBytes (46 bytes)
Event: 0.174 Thread 0x000001e2bc87d780 nmethod 106 0x000001e2a6571990 code [0x000001e2a6571b60, 0x000001e2a6571e78]
Event: 0.174 Thread 0x000001e2bc87d780  108       3       java.io.WinNTFileSystem::normalize (143 bytes)
Event: 0.175 Thread 0x000001e2bc87d780 nmethod 108 0x000001e2a6571f90 code [0x000001e2a6572220, 0x000001e2a6572df8]

GC Heap History (0 events):
No events

Deoptimization events (20 events):
Event: 0.174 Thread 0x000001e2a29109f0 DEOPT PACKING pc=0x000001e2a656960c sp=0x00000060c24fd870
Event: 0.174 Thread 0x000001e2a29109f0 DEOPT UNPACKING pc=0x000001e2a6002b43 sp=0x00000060c24fcd00 mode 0
Event: 0.174 Thread 0x000001e2a29109f0 DEOPT PACKING pc=0x000001e2a656960c sp=0x00000060c24fd870
Event: 0.174 Thread 0x000001e2a29109f0 DEOPT UNPACKING pc=0x000001e2a6002b43 sp=0x00000060c24fcd00 mode 0
Event: 0.175 Thread 0x000001e2a29109f0 DEOPT PACKING pc=0x000001e2a656960c sp=0x00000060c24fd870
Event: 0.175 Thread 0x000001e2a29109f0 DEOPT UNPACKING pc=0x000001e2a6002b43 sp=0x00000060c24fcd00 mode 0
Event: 0.175 Thread 0x000001e2a29109f0 DEOPT PACKING pc=0x000001e2a656960c sp=0x00000060c24fd870
Event: 0.175 Thread 0x000001e2a29109f0 DEOPT UNPACKING pc=0x000001e2a6002b43 sp=0x00000060c24fcd00 mode 0
Event: 0.176 Thread 0x000001e2a29109f0 DEOPT PACKING pc=0x000001e2a656960c sp=0x00000060c24fd870
Event: 0.176 Thread 0x000001e2a29109f0 DEOPT UNPACKING pc=0x000001e2a6002b43 sp=0x00000060c24fcd00 mode 0
Event: 0.176 Thread 0x000001e2a29109f0 DEOPT PACKING pc=0x000001e2a656960c sp=0x00000060c24fd870
Event: 0.176 Thread 0x000001e2a29109f0 DEOPT UNPACKING pc=0x000001e2a6002b43 sp=0x00000060c24fcd00 mode 0
Event: 0.176 Thread 0x000001e2a29109f0 DEOPT PACKING pc=0x000001e2a656960c sp=0x00000060c24fd870
Event: 0.176 Thread 0x000001e2a29109f0 DEOPT UNPACKING pc=0x000001e2a6002b43 sp=0x00000060c24fcd00 mode 0
Event: 0.176 Thread 0x000001e2a29109f0 DEOPT PACKING pc=0x000001e2a656960c sp=0x00000060c24fd870
Event: 0.176 Thread 0x000001e2a29109f0 DEOPT UNPACKING pc=0x000001e2a6002b43 sp=0x00000060c24fcd00 mode 0
Event: 0.176 Thread 0x000001e2a29109f0 DEOPT PACKING pc=0x000001e2a656960c sp=0x00000060c24fd870
Event: 0.176 Thread 0x000001e2a29109f0 DEOPT UNPACKING pc=0x000001e2a6002b43 sp=0x00000060c24fcd00 mode 0
Event: 0.176 Thread 0x000001e2a29109f0 DEOPT PACKING pc=0x000001e2a656960c sp=0x00000060c24fd870
Event: 0.176 Thread 0x000001e2a29109f0 DEOPT UNPACKING pc=0x000001e2a6002b43 sp=0x00000060c24fcd00 mode 0

Classes unloaded (0 events):
No events

Classes redefined (0 events):
No events

Internal exceptions (0 events):
No events

VM Operations (0 events):
No events

Events (20 events):
Event: 0.171 loading class java/util/zip/ZipFile$ZipFileInflaterInputStream
Event: 0.171 loading class java/util/zip/InflaterInputStream
Event: 0.171 loading class java/util/zip/InflaterInputStream done
Event: 0.171 loading class java/util/zip/ZipFile$ZipFileInflaterInputStream done
Event: 0.171 loading class java/util/zip/Inflater
Event: 0.171 loading class java/util/zip/Inflater done
Event: 0.172 Loaded shared library C:\Users\lolo1\Desktop\Eclipse AISS\eclipse\plugins\org.eclipse.justj.openjdk.hotspot.jre.full.win32.x86_64_17.0.1.v20211116-1657\jre\bin\zip.dll
Event: 0.172 loading class java/util/zip/Inflater$InflaterZStreamRef
Event: 0.172 loading class java/util/zip/Inflater$InflaterZStreamRef done
Event: 0.172 loading class java/util/zip/ZipFile$InflaterCleanupAction
Event: 0.172 loading class java/util/zip/ZipFile$InflaterCleanupAction done
Event: 0.176 loading class java/io/BufferedReader
Event: 0.176 loading class java/io/Reader
Event: 0.176 loading class java/lang/Readable
Event: 0.176 loading class java/lang/Readable done
Event: 0.176 loading class java/io/Reader done
Event: 0.176 loading class java/io/BufferedReader done
Event: 0.176 loading class java/io/InputStreamReader
Event: 0.176 loading class java/io/InputStreamReader done
Event: 0.176 loading class sun/nio/cs/StreamDecoder


Dynamic libraries:
0x00007ff6349b0000 - 0x00007ff6349be000 	C:\Users\lolo1\Desktop\Eclipse AISS\eclipse\plugins\org.eclipse.justj.openjdk.hotspot.jre.full.win32.x86_64_17.0.1.v20211116-1657\jre\bin\javaw.exe
0x00007ffbf2910000 - 0x00007ffbf2b05000 	C:\WINDOWS\SYSTEM32\ntdll.dll
0x00007ffbf13f0000 - 0x00007ffbf14ad000 	C:\WINDOWS\System32\KERNEL32.DLL
0x00007ffbf00c0000 - 0x00007ffbf038d000 	C:\WINDOWS\System32\KERNELBASE.dll
0x00007ffbf0650000 - 0x00007ffbf0750000 	C:\WINDOWS\System32\ucrtbase.dll
0x00007ffbeb0e0000 - 0x00007ffbeb0f9000 	C:\Users\lolo1\Desktop\Eclipse AISS\eclipse\plugins\org.eclipse.justj.openjdk.hotspot.jre.full.win32.x86_64_17.0.1.v20211116-1657\jre\bin\VCRUNTIME140.dll
0x00007ffbeb060000 - 0x00007ffbeb078000 	C:\Users\lolo1\Desktop\Eclipse AISS\eclipse\plugins\org.eclipse.justj.openjdk.hotspot.jre.full.win32.x86_64_17.0.1.v20211116-1657\jre\bin\jli.dll
0x00007ffbf0a40000 - 0x00007ffbf0be0000 	C:\WINDOWS\System32\USER32.dll
0x00007ffbf0090000 - 0x00007ffbf00b2000 	C:\WINDOWS\System32\win32u.dll
0x00007ffbe18f0000 - 0x00007ffbe1b8a000 	C:\WINDOWS\WinSxS\amd64_microsoft.windows.common-controls_6595b64144ccf1df_6.0.19041.1110_none_60b5254171f9507e\COMCTL32.dll
0x00007ffbf0e20000 - 0x00007ffbf0e4a000 	C:\WINDOWS\System32\GDI32.dll
0x00007ffbf1010000 - 0x00007ffbf10ae000 	C:\WINDOWS\System32\msvcrt.dll
0x00007ffbf0850000 - 0x00007ffbf095b000 	C:\WINDOWS\System32\gdi32full.dll
0x00007ffbf04f0000 - 0x00007ffbf058d000 	C:\WINDOWS\System32\msvcp_win.dll
0x00007ffbf0e50000 - 0x00007ffbf0e80000 	C:\WINDOWS\System32\IMM32.DLL
0x00007ffbeb280000 - 0x00007ffbeb28c000 	C:\Users\lolo1\Desktop\Eclipse AISS\eclipse\plugins\org.eclipse.justj.openjdk.hotspot.jre.full.win32.x86_64_17.0.1.v20211116-1657\jre\bin\vcruntime140_1.dll
0x00007ffbdb700000 - 0x00007ffbdb791000 	C:\Users\lolo1\Desktop\Eclipse AISS\eclipse\plugins\org.eclipse.justj.openjdk.hotspot.jre.full.win32.x86_64_17.0.1.v20211116-1657\jre\bin\msvcp140.dll
0x00007ffbb4550000 - 0x00007ffbb5196000 	C:\Users\lolo1\Desktop\Eclipse AISS\eclipse\plugins\org.eclipse.justj.openjdk.hotspot.jre.full.win32.x86_64_17.0.1.v20211116-1657\jre\bin\server\jvm.dll
0x00007ffbf0be0000 - 0x00007ffbf0c8e000 	C:\WINDOWS\System32\ADVAPI32.dll
0x00007ffbf1350000 - 0x00007ffbf13ec000 	C:\WINDOWS\System32\sechost.dll
0x00007ffbf1140000 - 0x00007ffbf1265000 	C:\WINDOWS\System32\RPCRT4.dll
0x00007ffbf0980000 - 0x00007ffbf0988000 	C:\WINDOWS\System32\PSAPI.DLL
0x00007ffbe8b70000 - 0x00007ffbe8b7a000 	C:\WINDOWS\SYSTEM32\VERSION.dll
0x00007ffbe98b0000 - 0x00007ffbe98d7000 	C:\WINDOWS\SYSTEM32\WINMM.dll
0x00007ffbe98e0000 - 0x00007ffbe98e9000 	C:\WINDOWS\SYSTEM32\WSOCK32.dll
0x00007ffbf0db0000 - 0x00007ffbf0e1b000 	C:\WINDOWS\System32\WS2_32.dll
0x00007ffbee8e0000 - 0x00007ffbee8f2000 	C:\WINDOWS\SYSTEM32\kernel.appcore.dll
0x00007ffbe9810000 - 0x00007ffbe981a000 	C:\Users\lolo1\Desktop\Eclipse AISS\eclipse\plugins\org.eclipse.justj.openjdk.hotspot.jre.full.win32.x86_64_17.0.1.v20211116-1657\jre\bin\jimage.dll
0x00007ffbee580000 - 0x00007ffbee764000 	C:\WINDOWS\SYSTEM32\DBGHELP.DLL
0x00007ffbdce60000 - 0x00007ffbdce8c000 	C:\WINDOWS\SYSTEM32\dbgcore.DLL
0x00007ffbf05c0000 - 0x00007ffbf0642000 	C:\WINDOWS\System32\bcryptPrimitives.dll
0x00007ffbe8ee0000 - 0x00007ffbe8f05000 	C:\Users\lolo1\Desktop\Eclipse AISS\eclipse\plugins\org.eclipse.justj.openjdk.hotspot.jre.full.win32.x86_64_17.0.1.v20211116-1657\jre\bin\java.dll
0x00007ffbe9400000 - 0x00007ffbe9418000 	C:\Users\lolo1\Desktop\Eclipse AISS\eclipse\plugins\org.eclipse.justj.openjdk.hotspot.jre.full.win32.x86_64_17.0.1.v20211116-1657\jre\bin\zip.dll
0x00007ffbf1940000 - 0x00007ffbf2084000 	C:\WINDOWS\System32\SHELL32.dll
0x00007ffbedd10000 - 0x00007ffbee4a4000 	C:\WINDOWS\SYSTEM32\windows.storage.dll
0x00007ffbf1510000 - 0x00007ffbf1864000 	C:\WINDOWS\System32\combase.dll
0x00007ffbefa80000 - 0x00007ffbefaac000 	C:\WINDOWS\SYSTEM32\Wldp.dll
0x00007ffbf0990000 - 0x00007ffbf0a3d000 	C:\WINDOWS\System32\SHCORE.dll
0x00007ffbf0e80000 - 0x00007ffbf0ed5000 	C:\WINDOWS\System32\shlwapi.dll
0x00007ffbeff60000 - 0x00007ffbeff7f000 	C:\WINDOWS\SYSTEM32\profapi.dll
0x00007ffbe9720000 - 0x00007ffbe9739000 	C:\Users\lolo1\Desktop\Eclipse AISS\eclipse\plugins\org.eclipse.justj.openjdk.hotspot.jre.full.win32.x86_64_17.0.1.v20211116-1657\jre\bin\net.dll
0x00007ffbe4110000 - 0x00007ffbe421a000 	C:\WINDOWS\SYSTEM32\WINHTTP.dll
0x00007ffbef7e0000 - 0x00007ffbef84a000 	C:\WINDOWS\system32\mswsock.dll
0x00007ffbe9350000 - 0x00007ffbe9365000 	C:\Users\lolo1\Desktop\Eclipse AISS\eclipse\plugins\org.eclipse.justj.openjdk.hotspot.jre.full.win32.x86_64_17.0.1.v20211116-1657\jre\bin\nio.dll

dbghelp: loaded successfully - version: 4.0.5 - missing functions: none
symbol engine: initialized successfully - sym options: 0x614 - pdb path: .;C:\Users\lolo1\Desktop\Eclipse AISS\eclipse\plugins\org.eclipse.justj.openjdk.hotspot.jre.full.win32.x86_64_17.0.1.v20211116-1657\jre\bin;C:\WINDOWS\SYSTEM32;C:\WINDOWS\WinSxS\amd64_microsoft.windows.common-controls_6595b64144ccf1df_6.0.19041.1110_none_60b5254171f9507e;C:\Users\lolo1\Desktop\Eclipse AISS\eclipse\plugins\org.eclipse.justj.openjdk.hotspot.jre.full.win32.x86_64_17.0.1.v20211116-1657\jre\bin\server

VM Arguments:
jvm_args: -ea -Dfile.encoding=UTF-8 -XX:+ShowCodeDetailsInExceptionMessages 
java_command: org.eclipse.jdt.internal.junit.runner.RemoteTestRunner -version 3 -port 60131 -testLoaderClass org.eclipse.jdt.internal.junit4.runner.JUnit4TestLoader -loaderpluginname org.eclipse.jdt.junit4.runtime -classNames cityevents.model.resources.tests.EventResourceTest
java_class_path (initial): C:\Users\lolo1\git\LAB4\lab4-consumingRESTServices2\target\test-classes;C:\Users\lolo1\git\LAB4\lab4-consumingRESTServices2\target\lab4-consumingRESTServices2-1.0-SNAPSHOT\WEB-INF\classes;C:\Users\lolo1\.m2\repository\com\google\appengine\appengine-api-1.0-sdk\1.9.80\appengine-api-1.0-sdk-1.9.80.jar;C:\Users\lolo1\.m2\repository\javax\inject\javax.inject\1\javax.inject-1.jar;C:\Users\lolo1\.m2\repository\javax\servlet\servlet-api\2.5\servlet-api-2.5.jar;C:\Users\lolo1\.m2\repository\jstl\jstl\1.2\jstl-1.2.jar;C:\Users\lolo1\.m2\repository\junit\junit\4.13\junit-4.13.jar;C:\Users\lolo1\.m2\repository\org\hamcrest\hamcrest-core\1.3\hamcrest-core-1.3.jar;C:\Users\lolo1\.m2\repository\org\mockito\mockito-all\1.10.19\mockito-all-1.10.19.jar;C:\Users\lolo1\.m2\repository\com\fasterxml\jackson\core\jackson-core\2.10.3\jackson-core-2.10.3.jar;C:\Users\lolo1\.m2\repository\org\restlet\jse\org.restlet\2.4.3\org.restlet-2.4.3.jar;C:\Users\lolo1\.m2\repository\org\restlet\jse\org.restlet.ext.jackson\2.4.3\org.restlet.ext.jackson-2.4.3.jar;C:\Users\lolo1\.m2\repository\com\fasterxml\jackson\core\jackson-annotations\2.9.6\jackson-annotations-2.9.6.jar;C:\Users\lolo1\.m2\repository\com\fasterxml\jackson\core\jackson-databind\2.9.6\jackson-databind-2.9.6.jar;C:\Users\lolo1\.m2\repository\com\fasterxml\jackson\dataformat\jackson-dataformat-csv\2.9.6\jackson-dataformat-csv-2.9.6.jar;C:\Users\lolo1\.m2\repository\com\fasterxml\jackson\dataformat\jackson-dataformat-smile\2.9.6\jackson-dataformat-smile-2.9.6.jar;C:\Users\lolo1\.m2\repository\com\fasterxml\jackson\dataformat\jackson-dataformat-xml\2.9.6\jackson-dataformat-xml-2.9.6.jar;C:\Users\lolo1\.m2\repository\com\fasterxml\woodstox\woodstox-core\5.0.3\woodstox-core-5.0.3.jar;C:\Users\lolo1\.m2\repository\com\fasterxml\jackson\dataformat\jackson-dataformat-yaml\2.9.6\jackson-dataformat-yaml-2.9.6.jar;C:\Users\lolo1\.m2\repository\com\fasterxml\jackson\module\jackson-module-jaxb-annotations\2.9.6\jackson-
Launcher Type: SUN_STANDARD

[Global flags]
     intx CICompilerCount                          = 4                                         {product} {ergonomic}
     uint ConcGCThreads                            = 2                                         {product} {ergonomic}
     uint G1ConcRefinementThreads                  = 8                                         {product} {ergonomic}
   size_t G1HeapRegionSize                         = 1048576                                   {product} {ergonomic}
    uintx GCDrainStackTargetSize                   = 64                                        {product} {ergonomic}
   size_t InitialHeapSize                          = 134217728                                 {product} {ergonomic}
   size_t MarkStackSize                            = 4194304                                   {product} {ergonomic}
   size_t MaxHeapSize                              = 2118123520                                {product} {ergonomic}
   size_t MaxNewSize                               = 1270874112                                {product} {ergonomic}
   size_t MinHeapDeltaBytes                        = 1048576                                   {product} {ergonomic}
   size_t MinHeapSize                              = 8388608                                   {product} {ergonomic}
    uintx NonNMethodCodeHeapSize                   = 5839372                                {pd product} {ergonomic}
    uintx NonProfiledCodeHeapSize                  = 122909434                              {pd product} {ergonomic}
    uintx ProfiledCodeHeapSize                     = 122909434                              {pd product} {ergonomic}
    uintx ReservedCodeCacheSize                    = 251658240                              {pd product} {ergonomic}
     bool SegmentedCodeCache                       = true                                      {product} {ergonomic}
     bool ShowCodeDetailsInExceptionMessages       = true                                   {manageable} {command line}
   size_t SoftMaxHeapSize                          = 2118123520                             {manageable} {ergonomic}
     bool UseCompressedClassPointers               = true                           {product lp64_product} {ergonomic}
     bool UseCompressedOops                        = true                           {product lp64_product} {ergonomic}
     bool UseG1GC                                  = true                                      {product} {ergonomic}
     bool UseLargePagesIndividualAllocation        = false                                  {pd product} {ergonomic}

Logging:
Log output configuration:
 #0: stdout all=warning uptime,level,tags
 #1: stderr all=off uptime,level,tags

Environment Variables:
PATH=C:/Users/lolo1/Desktop/Eclipse AISS/eclipse//plugins/org.eclipse.justj.openjdk.hotspot.jre.full.win32.x86_64_17.0.1.v20211116-1657/jre/bin/server;C:/Users/lolo1/Desktop/Eclipse AISS/eclipse//plugins/org.eclipse.justj.openjdk.hotspot.jre.full.win32.x86_64_17.0.1.v20211116-1657/jre/bin;C:\Program Files\Common Files\Oracle\Java\javapath;C:\oraclexe\app\oracle\product\11.2.0\server\bin;C:\Program Files (x86)\Common Files\Oracle\Java\javapath;C:\Windows\system32;C:\Windows;C:\Windows\System32\Wbem;C:\Windows\System32\WindowsPowerShell\v1.0\;C:\Windows\System32\OpenSSH\;C:\Program Files (x86)\NVIDIA Corporation\PhysX\Common;C:\Program Files\NVIDIA Corporation\NVIDIA NvDLISR;C:\Program Files\WorldPainter;C:\WINDOWS\system32;C:\WINDOWS;C:\WINDOWS\System32\Wbem;C:\WINDOWS\System32\WindowsPowerShell\v1.0\;C:\WINDOWS\System32\OpenSSH\;C:\Program Files\nodejs\;C:\Program Files\Git\cmd;C:\Users\lolo1\AppData\Local\Programs\Python\Python37\Scripts\;C:\Users\lolo1\AppData\Local\Programs\Python\Python37\;C:\Users\lolo1\AppData\Local\Microsoft\WindowsApps;C:\Users\lolo1\AppData\Roaming\npm;C:\Users\lolo1\AppData\Local\Programs\Microsoft VS Code\bin;C:\Users\lolo1\AppData\Local\GitHubDesktop\bin;C:\Users\lolo1\Desktop\Eclipse AISS\eclipse;
USERNAME=lolo1
OS=Windows_NT
PROCESSOR_IDENTIFIER=Intel64 Family 6 Model 158 Stepping 9, GenuineIntel



---------------  S Y S T E M  ---------------

OS:
 Windows 10 , 64 bit Build 19041 (10.0.19041.1706)
OS uptime: 15 days 7:10 hours

CPU: total 8 (initial active 8) (4 cores per cpu, 2 threads per core) family 6 model 158 stepping 9 microcode 0xb4, cx8, cmov, fxsr, ht, mmx, 3dnowpref, sse, sse2, sse3, ssse3, sse4.1, sse4.2, popcnt, lzcnt, tsc, tscinvbit, avx, avx2, aes, erms, clmul, bmi1, bmi2, adx, fma, vzeroupper, clflush, clflushopt

Memory: 4k page, system-wide physical 8077M (1238M free)
TotalPageFile size 23189M (AvailPageFile size 3M)
current process WorkingSet (physical memory assigned to process): 32M, peak: 32M
current process commit charge ("private bytes"): 203M, peak: 203M

vm_info: OpenJDK 64-Bit Server VM (17.0.1+12) for windows-amd64 JRE (17.0.1+12), built on Oct 20 2021 07:42:55 by "" with MS VC++ 16.7 (VS2019)

END.
